12:06:24 **** Incremental Build of configuration Release for project BlinkLEDje ****
make all 
Invoking: Print Size
avr-size --format=avr --mcu=atmega328 BlinkLEDje.elf
AVR Memory Usage
----------------
Device: atmega328

Program:     252 bytes (0.8% Full)
(.text + .data + .bootloader)

Data:          0 bytes (0.0% Full)
(.data + .bss + .noinit)


Finished building: sizedummy
 
Invoking: AVRDude
C:\WinAVR-20100110\bin\avrdude -pm328 -cusbasp -Uflash:w:BlinkLEDje.hex:a

avrdude: warning: cannot set sck period. please check for usbasp firmware update.
avrdude: AVR device initialized and ready to accept instructions

Reading | ################################################## | 100% 0.00s

avrdude: Device signature = 0x1e9514
avrdude: NOTE: FLASH memory has been specified, an erase cycle will be performed
         To disable this feature, specify the -D option.
avrdude: erasing chip
avrdude: warning: cannot set sck period. please check for usbasp firmware update.
avrdude: reading input file "BlinkLEDje.hex"
avrdude: input file BlinkLEDje.hex auto detected as Intel Hex
avrdude: writing flash (252 bytes):

Writing | ################################################## | 100% 0.13s

avrdude: 252 bytes of flash written
avrdude: verifying flash memory against BlinkLEDje.hex:
avrdude: load data flash data from input file BlinkLEDje.hex:
avrdude: input file BlinkLEDje.hex auto detected as Intel Hex
avrdude: input file BlinkLEDje.hex contains 252 bytes
avrdude: reading on-chip flash data:

Reading | ################################################## | 100% 0.07s

avrdude: verifying ...
avrdude: 252 bytes of flash verified

avrdude done.  Thank you.

Finished building: avrdudedummy
 

12:06:25 Build Finished (took 1s.119ms)

