12:06:25 **** Incremental Build of configuration Release for project DrukLEDje ****
make all 
Invoking: Print Size
avr-size --format=avr --mcu=atmega328 DrukLEDje.elf
AVR Memory Usage
----------------
Device: atmega328

Program:     172 bytes (0.5% Full)
(.text + .data + .bootloader)

Data:          0 bytes (0.0% Full)
(.data + .bss + .noinit)


Finished building: sizedummy
 
Invoking: AVRDude
C:\WinAVR-20100110\bin\avrdude -pm328 -cusbasp -Uflash:w:DrukLEDje.hex:a

avrdude: warning: cannot set sck period. please check for usbasp firmware update.
avrdude: AVR device initialized and ready to accept instructions

Reading | ################################################## | 100% 0.00s

avrdude: Device signature = 0x1e9514
avrdude: NOTE: FLASH memory has been specified, an erase cycle will be performed
         To disable this feature, specify the -D option.
avrdude: erasing chip
avrdude: warning: cannot set sck period. please check for usbasp firmware update.
avrdude: reading input file "DrukLEDje.hex"
avrdude: input file DrukLEDje.hex auto detected as Intel Hex
avrdude: writing flash (172 bytes):

Writing | ################################################## | 100% 0.09s

avrdude: 172 bytes of flash written
avrdude: verifying flash memory against DrukLEDje.hex:
avrdude: load data flash data from input file DrukLEDje.hex:
avrdude: input file DrukLEDje.hex auto detected as Intel Hex
avrdude: input file DrukLEDje.hex contains 172 bytes
avrdude: reading on-chip flash data:

Reading | ################################################## | 100% 0.06s

avrdude: verifying ...
avrdude: 172 bytes of flash verified

avrdude done.  Thank you.

Finished building: avrdudedummy
 

12:06:26 Build Finished (took 970ms)

