12:06:33 **** Incremental Build of configuration Release for project Woewhoewhoe ****
make all 
Invoking: Print Size
avr-size --format=avr --mcu=atmega328 Woewhoewhoe.elf
AVR Memory Usage
----------------
Device: atmega328

Program:     336 bytes (1.0% Full)
(.text + .data + .bootloader)

Data:          0 bytes (0.0% Full)
(.data + .bss + .noinit)


Finished building: sizedummy
 
Invoking: AVRDude
C:\WinAVR-20100110\bin\avrdude -pm328 -cusbasp -Uflash:w:Woewhoewhoe.hex:a

avrdude: warning: cannot set sck period. please check for usbasp firmware update.
avrdude: AVR device initialized and ready to accept instructions

Reading | ################################################## | 100% 0.00s

avrdude: Device signature = 0x1e9514
avrdude: NOTE: FLASH memory has been specified, an erase cycle will be performed
         To disable this feature, specify the -D option.
avrdude: erasing chip
avrdude: warning: cannot set sck period. please check for usbasp firmware update.
avrdude: reading input file "Woewhoewhoe.hex"
avrdude: input file Woewhoewhoe.hex auto detected as Intel Hex
avrdude: writing flash (336 bytes):

Writing | ################################################## | 100% 0.16s

avrdude: 336 bytes of flash written
avrdude: verifying flash memory against Woewhoewhoe.hex:
avrdude: load data flash data from input file Woewhoewhoe.hex:
avrdude: input file Woewhoewhoe.hex auto detected as Intel Hex
avrdude: input file Woewhoewhoe.hex contains 336 bytes
avrdude: reading on-chip flash data:

Reading | ################################################## | 100% 0.10s

avrdude: verifying ...
avrdude: 336 bytes of flash verified

avrdude done.  Thank you.

Finished building: avrdudedummy
 

12:06:34 Build Finished (took 1s.156ms)

